<?xml version="1.0" encoding="UTF-8"?>
<!-- Generated by org.testng.reporters.JUnitReportReporter -->
<testsuite skipped="0" hostname="QTLSYS0-225" name="tests.QCStore" tests="7" failures="0" timestamp="05 Aug 2020 17:51:29 GMT" time="7319.220" errors="0">
  <testcase name="QC_ILP_Loan_PDL_Loan_Trying_To_Apply_Conversion_BySelecting_ILPLoan_Txn_Testdata" time="1154.130" classname="tests.QCStore"/>
  <testcase name="QC_ILP_Loan_2PDL_Loan_Trying_To_Apply_Conversion_BySelecting_ILPLoan_Txn_Testdata" time="1418.761" classname="tests.QCStore"/>
  <testcase name="QC_ILPDefault_Loan_PDLReturn_Loan_Trying_To_Apply_Conversion_BySelecting_BothLoan_Txn_Testdata" time="1536.830" classname="tests.QCStore"/>
  <testcase name="QC_PDL_Loan_Trying_To_Apply_Conversion_Txn" time="754.645" classname="tests.QCStore"/>
  <testcase name="QC_ILP_Loan_Trying_To_Apply_Conversion_Txn" time="726.173" classname="tests.QCStore"/>
  <testcase name="QC_ILP_Loan_PDL_Loan_Trying_To_Apply_Conversion_BySelecting_PDLLoan_Txn_Testdata" time="712.031" classname="tests.QCStore"/>
  <testcase name="QC_ILP_Loan_PDL_Loan_Trying_To_Apply_Conversion_Txn_Testdata" time="1016.650" classname="tests.QCStore"/>
</testsuite> <!-- tests.QCStore -->
