<?xml version="1.0" encoding="UTF-8"?>
<!-- Generated by org.testng.reporters.JUnitReportReporter -->
<testsuite skipped="0" hostname="QTLSYS0-225" name="tests.QCStore" tests="3" failures="0" timestamp="06 Aug 2020 15:21:05 GMT" time="3797.417" errors="0">
  <testcase name="QC_LOC_Payment_Default_Repo_Refinance_Txn_Testdata" time="1235.140" classname="tests.QCStore"/>
  <testcase name="QC_LOC_Payment_Default_Repo_RefinanceWithDisb_Txn_Testdata" time="1246.372" classname="tests.QCStore"/>
  <testcase name="QC_LOC_Payment_Default_DefaultPayment_Repo_RefinanceWithDisb_Txn_Testdata" time="1315.905" classname="tests.QCStore"/>
</testsuite> <!-- tests.QCStore -->
