<?xml version="1.0" encoding="UTF-8"?>
<!-- Generated by org.testng.reporters.JUnitReportReporter -->
<testsuite skipped="0" hostname="QTLSYS0-225" name="tests.QCStore" tests="1" failures="0" timestamp="07 Aug 2020 10:11:48 GMT" time="427.689" errors="0">
  <testcase name="QC_Sprint_B20_182_6_Txn_Testdata" time="427.689" classname="tests.QCStore"/>
</testsuite> <!-- tests.QCStore -->
