<?xml version="1.0" encoding="UTF-8"?>
<!-- Generated by org.testng.reporters.JUnitReportReporter -->
<testsuite skipped="0" hostname="QTLSYS0-225" name="tests.QCStore" tests="1" failures="0" timestamp="06 Aug 2020 05:09:04 GMT" time="263.193" errors="0">
  <testcase name="QC_2Payments_Refinance_Monthly_StepSame_Txn_Testdata" time="263.193" classname="tests.QCStore"/>
</testsuite> <!-- tests.QCStore -->
